0 info it worked if it ends with ok
1 verbose cli [ '/home/ubuntu/.nvm/v0.10.35/bin/node',
1 verbose cli   '/home/ubuntu/.nvm/v0.10.35/bin/npm',
1 verbose cli   'install',
1 verbose cli   'node-coap' ]
2 info using npm@1.4.28
3 info using node@v0.10.35
4 verbose cache add [ 'node-coap', null ]
5 verbose cache add name=undefined spec="node-coap" args=["node-coap",null]
6 verbose parsed url { protocol: null,
6 verbose parsed url   slashes: null,
6 verbose parsed url   auth: null,
6 verbose parsed url   host: null,
6 verbose parsed url   port: null,
6 verbose parsed url   hostname: null,
6 verbose parsed url   hash: null,
6 verbose parsed url   search: null,
6 verbose parsed url   query: null,
6 verbose parsed url   pathname: 'node-coap',
6 verbose parsed url   path: 'node-coap',
6 verbose parsed url   href: 'node-coap' }
7 silly lockFile 974f5f26-node-coap node-coap
8 verbose lock node-coap /home/ubuntu/.npm/974f5f26-node-coap.lock
9 silly lockFile 974f5f26-node-coap node-coap
10 silly lockFile 974f5f26-node-coap node-coap
11 verbose addNamed [ 'node-coap', '' ]
12 verbose addNamed [ null, '*' ]
13 silly lockFile 7ab7659c-node-coap node-coap@
14 verbose lock node-coap@ /home/ubuntu/.npm/7ab7659c-node-coap.lock
15 silly addNameRange { name: 'node-coap', range: '*', hasData: false }
16 verbose request where is /node-coap
17 verbose request registry https://registry.npmjs.org/
18 verbose request id 338fae8a000f7925
19 verbose url raw /node-coap
20 verbose url resolving [ 'https://registry.npmjs.org/', './node-coap' ]
21 verbose url resolved https://registry.npmjs.org/node-coap
22 verbose request where is https://registry.npmjs.org/node-coap
23 info trying registry request attempt 1 at 07:40:58
24 http GET https://registry.npmjs.org/node-coap
25 http 404 https://registry.npmjs.org/node-coap
26 verbose headers { date: 'Sun, 22 Mar 2015 07:40:59 GMT',
26 verbose headers   server: 'CouchDB/1.5.0 (Erlang OTP/R16B03)',
26 verbose headers   'content-type': 'application/json',
26 verbose headers   'cache-control': 'max-age=0',
26 verbose headers   'content-length': '51',
26 verbose headers   'accept-ranges': 'bytes',
26 verbose headers   via: '1.1 varnish',
26 verbose headers   age: '0',
26 verbose headers   'x-served-by': 'cache-ams4137-AMS',
26 verbose headers   'x-cache': 'MISS',
26 verbose headers   'x-cache-hits': '0',
26 verbose headers   'x-timer': 'S1427010059.017670,VS0,VE97',
26 verbose headers   'keep-alive': 'timeout=10, max=50',
26 verbose headers   connection: 'Keep-Alive' }
27 silly registry.get cb [ 404,
27 silly registry.get   { date: 'Sun, 22 Mar 2015 07:40:59 GMT',
27 silly registry.get     server: 'CouchDB/1.5.0 (Erlang OTP/R16B03)',
27 silly registry.get     'content-type': 'application/json',
27 silly registry.get     'cache-control': 'max-age=0',
27 silly registry.get     'content-length': '51',
27 silly registry.get     'accept-ranges': 'bytes',
27 silly registry.get     via: '1.1 varnish',
27 silly registry.get     age: '0',
27 silly registry.get     'x-served-by': 'cache-ams4137-AMS',
27 silly registry.get     'x-cache': 'MISS',
27 silly registry.get     'x-cache-hits': '0',
27 silly registry.get     'x-timer': 'S1427010059.017670,VS0,VE97',
27 silly registry.get     'keep-alive': 'timeout=10, max=50',
27 silly registry.get     connection: 'Keep-Alive' } ]
28 silly lockFile 7ab7659c-node-coap node-coap@
29 silly lockFile 7ab7659c-node-coap node-coap@
30 error 404 404 Not Found: node-coap
30 error 404
30 error 404 'node-coap' is not in the npm registry.
30 error 404 You should bug the author to publish it
30 error 404
30 error 404 Maybe try 'npm search coap'
30 error 404
30 error 404 Note that you can also install from a
30 error 404 tarball, folder, or http url, or git url.
31 error System Linux 3.14.13-c9
32 error command "/home/ubuntu/.nvm/v0.10.35/bin/node" "/home/ubuntu/.nvm/v0.10.35/bin/npm" "install" "node-coap"
33 error cwd /home/ubuntu/workspace
34 error node -v v0.10.35
35 error npm -v 1.4.28
36 error code E404
37 verbose exit [ 1, true ]
